<?xml version="1.0" encoding="UTF-8"?>
<testsuite name="com.rento.rento.RentoApplicationTests" tests="1" skipped="0" failures="0" errors="0" timestamp="2025-08-23T05:16:13.981Z" hostname="byeongjung-iui-bulnabang4ho.local" time="0.683">
  <properties/>
  <testcase name="contextLoads()" classname="com.rento.rento.RentoApplicationTests" time="0.683"/>
  <system-out><![CDATA[14:16:03.577 [Test worker] INFO org.springframework.test.context.support.AnnotationConfigContextLoaderUtils -- Could not detect default configuration classes for test class [com.rento.rento.RentoApplicationTests]: RentoApplicationTests does not declare any static, non-private, non-final, nested classes annotated with @Configuration.
14:16:03.706 [Test worker] INFO org.springframework.boot.test.context.SpringBootTestContextBootstrapper -- Found @SpringBootConfiguration com.rento.rento.RentoApplication for test class com.rento.rento.RentoApplicationTests

  .   ____          _            __ _ _
 /\\ / ___'_ __ _ _(_)_ __  __ _ \ \ \ \
( ( )\___ | '_ | '_| | '_ \/ _` | \ \ \ \
 \\/  ___)| |_)| | | | | || (_| |  ) ) ) )
  '  |____| .__|_| |_|_| |_\__, | / / / /
 =========|_|==============|___/=/_/_/_/

 :: Spring Boot ::                (v3.4.5)

2025-08-23T14:16:04.285+09:00  INFO 65004 --- [    Test worker] com.rento.rento.RentoApplicationTests    : Starting RentoApplicationTests using Java 17.0.13 with PID 65004 (started by byeongjungtti in /Users/byeongjungtti/Rento)
2025-08-23T14:16:04.287+09:00  INFO 65004 --- [    Test worker] com.rento.rento.RentoApplicationTests    : No active profile set, falling back to 1 default profile: "default"
2025-08-23T14:16:06.146+09:00  INFO 65004 --- [    Test worker] .s.d.r.c.RepositoryConfigurationDelegate : Bootstrapping Spring Data JPA repositories in DEFAULT mode.
2025-08-23T14:16:06.292+09:00  INFO 65004 --- [    Test worker] .s.d.r.c.RepositoryConfigurationDelegate : Finished Spring Data repository scanning in 135 ms. Found 14 JPA repository interfaces.
2025-08-23T14:16:07.566+09:00  INFO 65004 --- [    Test worker] com.zaxxer.hikari.HikariDataSource       : HikariPool-1 - Starting...
2025-08-23T14:16:07.691+09:00  INFO 65004 --- [    Test worker] com.zaxxer.hikari.pool.HikariPool        : HikariPool-1 - Added connection conn0: url=jdbc:h2:mem:f1320599-1d72-4cbb-824e-e3c15ffda1cf user=SA
2025-08-23T14:16:07.700+09:00  INFO 65004 --- [    Test worker] com.zaxxer.hikari.HikariDataSource       : HikariPool-1 - Start completed.
2025-08-23T14:16:07.757+09:00  INFO 65004 --- [    Test worker] o.hibernate.jpa.internal.util.LogHelper  : HHH000204: Processing PersistenceUnitInfo [name: default]
2025-08-23T14:16:07.780+09:00  INFO 65004 --- [    Test worker] org.hibernate.Version                    : HHH000412: Hibernate ORM core version 6.6.13.Final
2025-08-23T14:16:07.798+09:00  INFO 65004 --- [    Test worker] o.h.c.internal.RegionFactoryInitiator    : HHH000026: Second-level cache disabled
2025-08-23T14:16:08.010+09:00  INFO 65004 --- [    Test worker] o.s.o.j.p.SpringPersistenceUnitInfo      : No LoadTimeWeaver setup: ignoring JPA class transformer
2025-08-23T14:16:08.081+09:00  INFO 65004 --- [    Test worker] org.hibernate.orm.connections.pooling    : HHH10001005: Database info:
	Database JDBC URL [Connecting through datasource 'HikariDataSource (HikariPool-1)']
	Database driver: undefined/unknown
	Database version: 2.3.232
	Autocommit mode: undefined/unknown
	Isolation level: undefined/unknown
	Minimum pool size: undefined/unknown
	Maximum pool size: undefined/unknown
2025-08-23T14:16:09.631+09:00  INFO 65004 --- [    Test worker] o.h.e.t.j.p.i.JtaPlatformInitiator       : HHH000489: No JTA platform available (set 'hibernate.transaction.jta.platform' to enable JTA platform integration)
2025-08-23T14:16:09.718+09:00  INFO 65004 --- [    Test worker] j.LocalContainerEntityManagerFactoryBean : Initialized JPA EntityManagerFactory for persistence unit 'default'
2025-08-23T14:16:10.934+09:00  INFO 65004 --- [    Test worker] o.s.d.j.r.query.QueryEnhancerFactory     : Hibernate is in classpath; If applicable, HQL parser will be used.
2025-08-23T14:16:12.065+09:00  WARN 65004 --- [    Test worker] JpaBaseConfiguration$JpaWebConfiguration : spring.jpa.open-in-view is enabled by default. Therefore, database queries may be performed during view rendering. Explicitly configure spring.jpa.open-in-view to disable this warning
2025-08-23T14:16:12.134+09:00  INFO 65004 --- [    Test worker] r$InitializeUserDetailsManagerConfigurer : Global AuthenticationManager configured with UserDetailsService bean with name customMangerDetailsService
2025-08-23T14:16:13.045+09:00  INFO 65004 --- [    Test worker] o.s.b.a.e.web.EndpointLinksResolver      : Exposing 2 endpoints beneath base path '/actuator'
2025-08-23T14:16:13.915+09:00  INFO 65004 --- [    Test worker] com.rento.rento.RentoApplicationTests    : Started RentoApplicationTests in 10.06 seconds (process running for 11.38)
]]></system-out>
  <system-err><![CDATA[]]></system-err>
</testsuite>
